TN:
SF:src\admin\admin.controller.ts
FN:14,(anonymous_2)
FN:17,(anonymous_3)
FN:22,(anonymous_4)
FN:27,(anonymous_5)
FN:32,(anonymous_6)
FN:37,(anonymous_7)
FN:42,(anonymous_8)
FN:47,(anonymous_9)
FN:52,(anonymous_10)
FN:57,(anonymous_11)
FNF:10
FNH:10
FNDA:1,(anonymous_2)
FNDA:1,(anonymous_3)
FNDA:1,(anonymous_4)
FNDA:1,(anonymous_5)
FNDA:1,(anonymous_6)
FNDA:1,(anonymous_7)
FNDA:1,(anonymous_8)
FNDA:1,(anonymous_9)
FNDA:1,(anonymous_10)
FNDA:1,(anonymous_11)
DA:1,1
DA:2,1
DA:3,1
DA:4,1
DA:5,1
DA:6,1
DA:7,1
DA:13,1
DA:14,1
DA:17,1
DA:18,1
DA:22,1
DA:23,1
DA:27,1
DA:28,1
DA:32,1
DA:33,1
DA:37,1
DA:38,1
DA:42,1
DA:43,1
DA:47,1
DA:48,1
DA:52,1
DA:53,1
DA:57,1
DA:58,1
LF:27
LH:27
BRF:0
BRH:0
end_of_record
TN:
SF:src\ai-proxy\ai-proxy.controller.ts
FN:30,(anonymous_4)
FN:38,(anonymous_5)
FN:49,(anonymous_6)
FNF:3
FNH:2
FNDA:1,(anonymous_4)
FNDA:1,(anonymous_5)
FNDA:0,(anonymous_6)
DA:1,1
DA:2,1
DA:3,1
DA:4,1
DA:5,1
DA:6,1
DA:7,1
DA:8,1
DA:9,1
DA:10,1
DA:11,1
DA:12,1
DA:13,1
DA:17,1
DA:29,1
DA:31,1
DA:32,1
DA:33,1
DA:38,1
DA:39,1
DA:40,1
DA:42,1
DA:43,1
DA:49,0
LF:24
LH:23
BRDA:40,0,0,0
BRF:1
BRH:0
end_of_record
TN:
SF:src\appointments\appointments.controller.ts
FN:15,(anonymous_4)
FN:19,(anonymous_5)
FN:24,(anonymous_6)
FN:30,(anonymous_7)
FN:36,(anonymous_8)
FN:41,(anonymous_9)
FNF:6
FNH:2
FNDA:1,(anonymous_4)
FNDA:1,(anonymous_5)
FNDA:0,(anonymous_6)
FNDA:0,(anonymous_7)
FNDA:0,(anonymous_8)
FNDA:0,(anonymous_9)
DA:1,1
DA:2,1
DA:3,1
DA:4,1
DA:5,1
DA:6,1
DA:7,1
DA:8,1
DA:9,1
DA:14,1
DA:15,1
DA:19,1
DA:20,1
DA:24,1
DA:25,0
DA:30,1
DA:31,0
DA:36,1
DA:37,0
DA:41,1
DA:42,0
LF:21
LH:17
BRF:0
BRH:0
end_of_record
TN:
SF:src\auth\auth.controller.ts
FN:12,(anonymous_4)
FN:15,(anonymous_5)
FN:20,(anonymous_6)
FN:26,(anonymous_7)
FN:32,(anonymous_8)
FNF:5
FNH:4
FNDA:1,(anonymous_4)
FNDA:3,(anonymous_5)
FNDA:4,(anonymous_6)
FNDA:0,(anonymous_7)
FNDA:1,(anonymous_8)
DA:1,1
DA:2,1
DA:3,1
DA:4,1
DA:5,1
DA:6,1
DA:7,1
DA:11,1
DA:12,1
DA:15,1
DA:16,3
DA:20,1
DA:21,4
DA:26,1
DA:27,0
DA:32,1
DA:33,1
LF:17
LH:16
BRF:0
BRH:0
end_of_record
TN:
SF:src\cases\cases.controller.ts
FN:15,(anonymous_4)
FN:19,(anonymous_5)
FN:24,(anonymous_6)
FN:42,(anonymous_7)
FN:48,(anonymous_8)
FN:54,(anonymous_9)
FN:60,(anonymous_10)
FNF:7
FNH:5
FNDA:1,(anonymous_4)
FNDA:1,(anonymous_5)
FNDA:0,(anonymous_6)
FNDA:1,(anonymous_7)
FNDA:1,(anonymous_8)
FNDA:1,(anonymous_9)
FNDA:0,(anonymous_10)
DA:1,1
DA:2,1
DA:3,1
DA:4,1
DA:5,1
DA:6,1
DA:7,1
DA:8,1
DA:9,1
DA:14,1
DA:15,1
DA:19,1
DA:20,1
DA:24,1
DA:32,0
DA:42,1
DA:43,1
DA:48,1
DA:49,1
DA:54,1
DA:55,1
DA:60,1
DA:61,0
LF:23
LH:21
BRDA:36,0,0,0
BRDA:36,0,1,0
BRDA:37,1,0,0
BRDA:37,1,1,0
BRF:4
BRH:0
end_of_record
TN:
SF:src\documents\documents.controller.ts
FN:28,(anonymous_4)
FN:41,(anonymous_5)
FN:46,(anonymous_6)
FN:51,(anonymous_7)
FN:58,(anonymous_8)
FN:36,(anonymous_9)
FNF:6
FNH:1
FNDA:1,(anonymous_4)
FNDA:0,(anonymous_5)
FNDA:0,(anonymous_6)
FNDA:0,(anonymous_7)
FNDA:0,(anonymous_8)
FNDA:0,(anonymous_9)
DA:1,1
DA:11,1
DA:12,1
DA:13,1
DA:14,1
DA:16,1
DA:17,1
DA:18,1
DA:19,1
DA:20,1
DA:21,1
DA:22,1
DA:27,1
DA:28,1
DA:36,0
DA:41,1
DA:42,0
DA:46,1
DA:47,0
DA:51,1
DA:52,0
DA:53,0
DA:58,1
DA:59,0
LF:24
LH:18
BRF:0
BRH:0
end_of_record
TN:
SF:src\notes\notes.controller.ts
FN:15,(anonymous_4)
FN:19,(anonymous_5)
FN:25,(anonymous_6)
FN:31,(anonymous_7)
FNF:4
FNH:1
FNDA:1,(anonymous_4)
FNDA:0,(anonymous_5)
FNDA:0,(anonymous_6)
FNDA:0,(anonymous_7)
DA:1,1
DA:2,1
DA:3,1
DA:4,1
DA:5,1
DA:6,1
DA:7,1
DA:8,1
DA:9,1
DA:14,1
DA:15,1
DA:19,1
DA:20,0
DA:25,1
DA:26,0
DA:31,1
DA:32,0
LF:17
LH:14
BRF:0
BRH:0
end_of_record
TN:
SF:src\notifications\notifications.controller.ts
FN:13,(anonymous_4)
FN:16,(anonymous_5)
FN:21,(anonymous_6)
FNF:3
FNH:1
FNDA:1,(anonymous_4)
FNDA:0,(anonymous_5)
FNDA:0,(anonymous_6)
DA:1,1
DA:2,1
DA:3,1
DA:4,1
DA:5,1
DA:6,1
DA:7,1
DA:12,1
DA:13,1
DA:16,1
DA:17,0
DA:21,1
DA:22,0
DA:23,0
LF:14
LH:11
BRF:0
BRH:0
end_of_record
TN:
SF:src\users\users.controller.ts
FN:13,(anonymous_4)
FN:16,(anonymous_5)
FN:22,(anonymous_6)
FN:28,(anonymous_7)
FN:34,(anonymous_8)
FNF:5
FNH:2
FNDA:1,(anonymous_4)
FNDA:2,(anonymous_5)
FNDA:0,(anonymous_6)
FNDA:0,(anonymous_7)
FNDA:0,(anonymous_8)
DA:1,1
DA:2,1
DA:3,1
DA:4,1
DA:5,1
DA:6,1
DA:7,1
DA:12,1
DA:13,1
DA:16,1
DA:17,2
DA:22,1
DA:23,0
DA:28,1
DA:29,0
DA:34,1
DA:35,0
LF:17
LH:14
BRF:0
BRH:0
end_of_record
